SF:lib/app_module.dart
DA:10,1
DA:12,1
DA:13,3
DA:14,4
DA:15,4
DA:16,4
DA:19,0
DA:20,0
DA:22,0
DA:23,0
LF:10
LH:6
end_of_record
SF:lib/modules/search/domain/entities/result_search.dart
DA:6,0
LF:1
LH:0
end_of_record
SF:lib/modules/search/domain/usecases/search_by_text.dart
DA:14,2
DA:17,1
DA:18,1
DA:19,2
DA:21,2
LF:5
LH:5
end_of_record
SF:lib/modules/search/domain/errors/errors.dart
DA:8,1
LF:1
LH:1
end_of_record
SF:lib/modules/search/external/datasources/github_datasource.dart
DA:7,0
DA:8,0
DA:15,2
DA:18,0
DA:19,0
DA:20,0
DA:21,0
DA:24,0
LF:8
LH:1
end_of_record
SF:lib/app_widget.dart
DA:4,0
DA:6,0
DA:8,0
DA:11,0
LF:4
LH:0
end_of_record
SF:lib/modules/search/data/repositories/search_repository_impl.dart
DA:10,2
DA:13,1
DA:15,3
DA:16,1
DA:17,1
DA:18,0
DA:20,2
LF:7
LH:6
end_of_record
SF:lib/modules/search/data/models/result_search_model.dart
DA:10,0
DA:12,0
DA:13,0
DA:15,0
DA:16,0
DA:18,0
DA:19,0
DA:21,0
DA:22,0
DA:28,0
DA:29,0
DA:30,0
DA:31,0
DA:32,0
DA:36,0
DA:38,0
LF:16
LH:0
end_of_record
